Traceback (most recent call last):
  File "<frozen runpy>", line 198, in _run_module_as_main
  File "<frozen runpy>", line 88, in _run_code
  File "/app/backend/main.py", line 22, in <module>
    db = FirestoreClient()
         ^^^^^^^^^^^^^^^^^
  File "/app/backend/database.py", line 24, in __init__
    self.db = firestore.client()
              ^^^^^^^^^^^^^^^^^^
  File "/home/jules/.pyenv/versions/3.12.12/lib/python3.12/site-packages/firebase_admin/firestore.py", line 65, in client
    return fs_service.get_client(database_id)
           ^^^^^^^^^^^^^^^^^^^^^^^^^^^^^^^^^^
  File "/home/jules/.pyenv/versions/3.12.12/lib/python3.12/site-packages/firebase_admin/firestore.py", line 80, in get_client
    credentials = self._app.credential.get_credential()
                  ^^^^^^^^^^^^^^^^^^^^^^^^^^^^^^^^^^^^^
  File "/home/jules/.pyenv/versions/3.12.12/lib/python3.12/site-packages/firebase_admin/credentials.py", line 156, in get_credential
    self._load_credential()
  File "/home/jules/.pyenv/versions/3.12.12/lib/python3.12/site-packages/firebase_admin/credentials.py", line 173, in _load_credential
    self._g_credential, self._project_id = google.auth.default(scopes=_scopes)
                                           ^^^^^^^^^^^^^^^^^^^^^^^^^^^^^^^^^^^
  File "/home/jules/.pyenv/versions/3.12.12/lib/python3.12/site-packages/google/auth/_default.py", line 752, in default
    raise exceptions.DefaultCredentialsError(_CLOUD_SDK_MISSING_CREDENTIALS)
google.auth.exceptions.DefaultCredentialsError: Your default credentials were not found. To set up Application Default Credentials, see https://cloud.google.com/docs/authentication/external/set-up-adc for more information.
